<?xml version="1.0" encoding="UTF-8"?>
<!-- Generated by org.testng.reporters.JUnitReportReporter -->
<testsuite skipped="2" hostname="Vibhors-MacBook-Pro.local" name="DemoTest" tests="3" failures="0" timestamp="06 Feb 2020 08:02:01 GMT" time="10.342" errors="0">
  <testcase name="loginTest" time="10.342" classname="DemoTest"/>
  <testcase name="logout" classname="DemoTest">
    <skipped/>
  </testcase> <!-- logout -->
  <testcase name="addRunnerToBetSlip" classname="DemoTest">
    <skipped/>
  </testcase> <!-- addRunnerToBetSlip -->
</testsuite> <!-- DemoTest -->
